#
# A fatal error has been detected by the Java Runtime Environment:
#
#  EXCEPTION_ACCESS_VIOLATION (0xc0000005) at pc=0x000007fedfba53b3, pid=6444, tid=5364
#
# JRE version: Java(TM) SE Runtime Environment (13.0.2+8) (build 13.0.2+8)
# Java VM: Java HotSpot(TM) 64-Bit Server VM (13.0.2+8, mixed mode, sharing, tiered, compressed oops, g1 gc, windows-amd64)
# Problematic frame:
# V  [jvm.dll+0x2453b3]
#
# No core dump will be written. Minidumps are not enabled by default on client versions of Windows
#
# If you would like to submit a bug report, please visit:
#   http://bugreport.java.com/bugreport/crash.jsp
#

---------------  S U M M A R Y ------------

Command Line: -agentlib:jdwp=transport=dt_socket,suspend=y,address=localhost:52074 -javaagent:D:\Programi\eclipse\configuration\org.eclipse.osgi\411\0\.cp\lib\javaagent-shaded.jar -Dfile.encoding=Cp1252 Exercise_11

Host: Intel(R) Core(TM) i7-2670QM CPU @ 2.20GHz, 8 cores, 7G,  Windows 7 , 64 bit Build 7601 (6.1.7601.17514)
Time: Mon Apr  6 14:33:51 2020 FLE Daylight Time elapsed time: 229 seconds (0d 0h 3m 49s)

---------------  T H R E A D  ---------------

Current thread (0x0000000023890000):  JavaThread "JDWP Transport Listener: dt_socket" daemon [_thread_in_vm, id=5364, stack(0x0000000023e10000,0x0000000023f10000)] _threads_hazard_ptr=0x0000000023a12720

Stack: [0x0000000023e10000,0x0000000023f10000],  sp=0x0000000023f0efb8,  free space=1019k
Native frames: (J=compiled Java code, j=interpreted, Vv=VM code, C=native code)
V  [jvm.dll+0x2453b3]


siginfo: EXCEPTION_ACCESS_VIOLATION (0xc0000005), reading address 0x00000000229a7ce2


Register to memory mapping:

RIP=0x000007fedfba53b3 jvm.dll
RAX=0x0000000000008b50 is an unknown value
RBX=0x0000000023f0f270 is pointing into the stack for thread: 0x0000000023890000
RCX=0x0000000022963e68 is pointing into metadata
RDX=0x0000000000008b50 is an unknown value
RSP=0x0000000023f0efb8 is pointing into the stack for thread: 0x0000000023890000
RBP=0x0000000000000001 is an unknown value
RSI=0x0000000000000001 is an unknown value
RDI=0x0000000022962220 is pointing into metadata
R8 =0x0 is NULL
R9 =0x0000000022962220 is pointing into metadata
R10=0x0000000800bab168 is a pointer to class: 
Exercise_11 {0x0000000800bab170}
R11=0x0000000023862240 points into unknown readable memory: 00 00 00 47 01 00 00 47
R12=0x00000000238621c8 points into unknown readable memory: 00 03 25 8b d5 01 00 00
R13=0x0000000000000578 is an unknown value
R14=0x0000000022962bba is pointing into metadata
R15=0x00000000000001da is an unknown value


Registers:
RAX=0x0000000000008b50, RBX=0x0000000023f0f270, RCX=0x0000000022963e68, RDX=0x0000000000008b50
RSP=0x0000000023f0efb8, RBP=0x0000000000000001, RSI=0x0000000000000001, RDI=0x0000000022962220
R8 =0x0000000000000000, R9 =0x0000000022962220, R10=0x0000000800bab168, R11=0x0000000023862240
R12=0x00000000238621c8, R13=0x0000000000000578, R14=0x0000000022962bba, R15=0x00000000000001da
RIP=0x000007fedfba53b3, EFLAGS=0x0000000000010202

Top of Stack: (sp=0x0000000023f0efb8)
0x0000000023f0efb8:   000007fedfc8f913 0000000023f0f270
0x0000000023f0efc8:   000007fedfa8394e 0000000023f0f270
0x0000000023f0efd8:   0000000022505da0 0000000000000000
0x0000000023f0efe8:   000007fedfc939e7 0000000023f0f100
0x0000000023f0eff8:   000007fedfc90183 00004bc7eca7158a
0x0000000023f0f008:   00004bc7eca7159a 0000000022962bba
0x0000000023f0f018:   0000000023f0f0d0 0000000023f0f270
0x0000000023f0f028:   000007fedfc919d2 0000000022962bb5
0x0000000023f0f038:   00000000000001d5 0000000000000001
0x0000000023f0f048:   000007fedfa8394e 00000000000001d5
0x0000000023f0f058:   6666666666666667 0000000000000000
0x0000000023f0f068:   0000000022962ba6 0000000022962bbd
0x0000000023f0f078:   000007fedf96bbb6 0000000022962ce0
0x0000000023f0f088:   0000000023862280 00000000000001da
0x0000000023f0f098:   00000000000000b6 6666666666666667
0x0000000023f0f0a8:   000007fedfc9235e 0000000023f0f100 

Instructions: (pc=0x000007fedfba53b3)
0x000007fedfba52b3:   03 03 03 03 03 03 03 03 03 03 03 03 03 03 03 03
0x000007fedfba52c3:   03 03 03 03 03 03 03 03 03 03 03 03 03 03 03 03
0x000007fedfba52d3:   03 03 03 03 03 03 03 03 03 03 03 03 03 03 03 03
0x000007fedfba52e3:   03 03 03 03 03 03 03 03 02 03 03 02 cc 48 89 5c
0x000007fedfba52f3:   24 08 48 89 74 24 10 57 48 83 ec 20 48 63 da 41
0x000007fedfba5303:   0f b6 f0 48 8b f9 85 d2 79 24 4c 8d 0d 24 43 62
0x000007fedfba5313:   00 ba 97 02 00 00 4c 8d 05 50 43 62 00 48 8d 0d
0x000007fedfba5323:   b9 42 62 00 e8 04 6b 00 00 e8 bf f7 3d 00 40 84
0x000007fedfba5333:   f6 75 18 48 8b 4f 10 48 85 c9 74 0f 48 8d 43 01
0x000007fedfba5343:   48 c1 e0 05 48 8b 04 08 0f b7 d8 48 8b 74 24 38
0x000007fedfba5353:   48 63 c3 48 8b 5c 24 30 0f b7 44 c7 40 48 83 c4
0x000007fedfba5363:   20 5f c3 cc cc cc cc cc cc cc cc cc cc 4c 8b c9
0x000007fedfba5373:   45 84 c0 75 42 48 8b 49 10 48 85 c9 74 39 85 d2
0x000007fedfba5383:   79 1a f7 d2 48 63 c2 48 ff c0 48 c1 e0 05 48 8b
0x000007fedfba5393:   04 08 0f b7 c8 41 0f b7 44 c9 42 c3 48 63 c2 48
0x000007fedfba53a3:   ff c0 48 c1 e0 05 48 8b 04 08 0f b7 d0 48 63 c2
0x000007fedfba53b3:   41 0f b7 44 c1 42 c3 49 8b 41 08 4c 63 c2 42 0f
0x000007fedfba53c3:   b6 44 00 04 8d 48 ef 80 f9 01 76 0e 3c 6a 74 0a
0x000007fedfba53d3:   48 63 c2 41 0f b7 44 c1 42 c3 43 0f b7 44 c1 42
0x000007fedfba53e3:   c3 cc cc cc cc cc cc cc cc cc cc cc cc 40 53 48
0x000007fedfba53f3:   83 ec 20 48 8b d9 e8 72 ff ff ff 48 63 d0 0f b7
0x000007fedfba5403:   44 d3 40 48 8b 44 c3 40 48 83 c4 20 5b c3 cc cc
0x000007fedfba5413:   cc cc cc cc cc cc cc cc cc cc cc cc cc 40 53 48
0x000007fedfba5423:   83 ec 20 48 8b d9 e8 42 ff ff ff 48 63 d0 0f b7
0x000007fedfba5433:   44 d3 42 48 8b 44 c3 40 48 83 c4 20 5b c3 cc cc
0x000007fedfba5443:   cc cc cc cc cc cc cc cc cc cc cc cc cc 4c 8b d1
0x000007fedfba5453:   45 84 c9 75 23 4c 8b 49 10 4d 85 c9 74 1a 45 85
0x000007fedfba5463:   c0 79 03 41 f7 d0 49 63 c0 48 ff c0 48 c1 e0 05
0x000007fedfba5473:   4a 8b 04 08 44 0f b7 c0 49 8b 42 08 49 63 c8 0f
0x000007fedfba5483:   b6 4c 08 04 48 8b c2 88 0a c3 cc cc cc 40 56 57
0x000007fedfba5493:   41 54 41 56 41 57 48 83 ec 20 45 8b 30 49 8b f0
0x000007fedfba54a3:   49 63 f9 4c 8b e2 4c 8b f9 45 85 f6 0f 8e 20 01 


Stack slot to memory mapping:
stack at sp + 0 slots: 0x000007fedfc8f913 jvm.dll
stack at sp + 1 slots: 0x0000000023f0f270 is pointing into the stack for thread: 0x0000000023890000
stack at sp + 2 slots: 0x000007fedfa8394e jvm.dll
stack at sp + 3 slots: 0x0000000023f0f270 is pointing into the stack for thread: 0x0000000023890000
stack at sp + 4 slots: 0x0000000022505da0 points into unknown readable memory: 30 55 98 23 00 00 00 00
stack at sp + 5 slots: 0x0 is NULL
stack at sp + 6 slots: 0x000007fedfc939e7 jvm.dll
stack at sp + 7 slots: 0x0000000023f0f100 is pointing into the stack for thread: 0x0000000023890000


---------------  P R O C E S S  ---------------

Threads class SMR info:
_java_thread_list=0x0000000023a12720, length=13, elements={
0x00000000001c4000, 0x000000002246b800, 0x000000002246f000, 0x0000000022481800,
0x0000000022482800, 0x0000000022485800, 0x000000002248b000, 0x0000000022498800,
0x000000002244f800, 0x0000000023890000, 0x000000002389a000, 0x0000000023907000,
0x0000000023a18000
}

Java Threads: ( => current thread )
  0x00000000001c4000 JavaThread "main" [_thread_blocked, id=6172, stack(0x0000000002310000,0x0000000002410000)]
  0x000000002246b800 JavaThread "Reference Handler" daemon [_thread_blocked, id=6548, stack(0x0000000022fa0000,0x00000000230a0000)]
  0x000000002246f000 JavaThread "Finalizer" daemon [_thread_blocked, id=1256, stack(0x0000000021f00000,0x0000000022000000)]
  0x0000000022481800 JavaThread "Signal Dispatcher" daemon [_thread_blocked, id=5880, stack(0x00000000231f0000,0x00000000232f0000)]
  0x0000000022482800 JavaThread "Attach Listener" daemon [_thread_blocked, id=6156, stack(0x0000000023420000,0x0000000023520000)]
  0x0000000022485800 JavaThread "C2 CompilerThread0" daemon [_thread_blocked, id=5412, stack(0x0000000023540000,0x0000000023640000)]
  0x000000002248b000 JavaThread "C1 CompilerThread0" daemon [_thread_blocked, id=3156, stack(0x00000000230e0000,0x00000000231e0000)]
  0x0000000022498800 JavaThread "Sweeper thread" daemon [_thread_blocked, id=4552, stack(0x0000000023670000,0x0000000023770000)]
  0x000000002244f800 JavaThread "Common-Cleaner" daemon [_thread_blocked, id=5484, stack(0x0000000023c80000,0x0000000023d80000)]
=>0x0000000023890000 JavaThread "JDWP Transport Listener: dt_socket" daemon [_thread_in_vm, id=5364, stack(0x0000000023e10000,0x0000000023f10000)]
  0x000000002389a000 JavaThread "JDWP Event Helper Thread" daemon [_thread_blocked, id=6808, stack(0x0000000024160000,0x0000000024260000)]
  0x0000000023907000 JavaThread "JDWP Command Reader" daemon [_thread_in_native, id=6276, stack(0x00000000243a0000,0x00000000244a0000)]
  0x0000000023a18000 JavaThread "Service Thread" daemon [_thread_blocked, id=5664, stack(0x00000000246c0000,0x00000000247c0000)]

Other Threads:
  0x0000000022465800 VMThread "VM Thread" [stack: 0x0000000022d60000,0x0000000022e60000] [id=5548]
  0x0000000023a1b800 WatcherThread [stack: 0x00000000248c0000,0x00000000249c0000] [id=6200]
  0x000000001f0c9000 GCTaskThread "GC Thread#0" [stack: 0x000000001f3b0000,0x000000001f4b0000] [id=6272]
  0x000000001f0dc800 ConcurrentGCThread "G1 Main Marker" [stack: 0x000000001f530000,0x000000001f630000] [id=6424]
  0x000000001f0e8000 ConcurrentGCThread "G1 Conc#0" [stack: 0x000000001f230000,0x000000001f330000] [id=6676]
  0x000000001f190800 ConcurrentGCThread "G1 Refine#0" [stack: 0x0000000022050000,0x0000000022150000] [id=6620]
  0x000000001f195800 ConcurrentGCThread "G1 Young RemSet Sampling" [stack: 0x0000000022210000,0x0000000022310000] [id=6252]

Threads with active compile tasks:

VM state:not at safepoint (normal execution)

VM Mutex/Monitor currently owned by a thread: None

Heap address: 0x0000000083600000, size: 1994 MB, Compressed Oops mode: 32-bit
Narrow klass base: 0x0000000800000000, Narrow klass shift: 3
Compressed class space size: 1073741824 Address: 0x0000000800b40000

Heap:
 garbage-first heap   total 129024K, used 4096K [0x0000000083600000, 0x0000000100000000)
  region size 1024K, 6 young (6144K), 0 survivors (0K)
 Metaspace       used 3062K, capacity 5039K, committed 5120K, reserved 1056768K
  class space    used 291K, capacity 466K, committed 512K, reserved 1048576K
Heap Regions: E=young(eden), S=young(survivor), O=old, HS=humongous(starts), HC=humongous(continues), CS=collection set, F=free, A=archive, TAMS=top-at-mark-start (previous, next)
|   0|0x0000000083600000, 0x0000000083600000, 0x0000000083700000|  0%| F|  |TAMS 0x0000000083600000, 0x0000000083600000| Untracked 
|   1|0x0000000083700000, 0x0000000083700000, 0x0000000083800000|  0%| F|  |TAMS 0x0000000083700000, 0x0000000083700000| Untracked 
|   2|0x0000000083800000, 0x0000000083800000, 0x0000000083900000|  0%| F|  |TAMS 0x0000000083800000, 0x0000000083800000| Untracked 
|   3|0x0000000083900000, 0x0000000083900000, 0x0000000083a00000|  0%| F|  |TAMS 0x0000000083900000, 0x0000000083900000| Untracked 
|   4|0x0000000083a00000, 0x0000000083a00000, 0x0000000083b00000|  0%| F|  |TAMS 0x0000000083a00000, 0x0000000083a00000| Untracked 
|   5|0x0000000083b00000, 0x0000000083b00000, 0x0000000083c00000|  0%| F|  |TAMS 0x0000000083b00000, 0x0000000083b00000| Untracked 
|   6|0x0000000083c00000, 0x0000000083c00000, 0x0000000083d00000|  0%| F|  |TAMS 0x0000000083c00000, 0x0000000083c00000| Untracked 
|   7|0x0000000083d00000, 0x0000000083d00000, 0x0000000083e00000|  0%| F|  |TAMS 0x0000000083d00000, 0x0000000083d00000| Untracked 
|   8|0x0000000083e00000, 0x0000000083e00000, 0x0000000083f00000|  0%| F|  |TAMS 0x0000000083e00000, 0x0000000083e00000| Untracked 
|   9|0x0000000083f00000, 0x0000000083f00000, 0x0000000084000000|  0%| F|  |TAMS 0x0000000083f00000, 0x0000000083f00000| Untracked 
|  10|0x0000000084000000, 0x0000000084000000, 0x0000000084100000|  0%| F|  |TAMS 0x0000000084000000, 0x0000000084000000| Untracked 
|  11|0x0000000084100000, 0x0000000084100000, 0x0000000084200000|  0%| F|  |TAMS 0x0000000084100000, 0x0000000084100000| Untracked 
|  12|0x0000000084200000, 0x0000000084200000, 0x0000000084300000|  0%| F|  |TAMS 0x0000000084200000, 0x0000000084200000| Untracked 
|  13|0x0000000084300000, 0x0000000084300000, 0x0000000084400000|  0%| F|  |TAMS 0x0000000084300000, 0x0000000084300000| Untracked 
|  14|0x0000000084400000, 0x0000000084400000, 0x0000000084500000|  0%| F|  |TAMS 0x0000000084400000, 0x0000000084400000| Untracked 
|  15|0x0000000084500000, 0x0000000084500000, 0x0000000084600000|  0%| F|  |TAMS 0x0000000084500000, 0x0000000084500000| Untracked 
|  16|0x0000000084600000, 0x0000000084600000, 0x0000000084700000|  0%| F|  |TAMS 0x0000000084600000, 0x0000000084600000| Untracked 
|  17|0x0000000084700000, 0x0000000084700000, 0x0000000084800000|  0%| F|  |TAMS 0x0000000084700000, 0x0000000084700000| Untracked 
|  18|0x0000000084800000, 0x0000000084800000, 0x0000000084900000|  0%| F|  |TAMS 0x0000000084800000, 0x0000000084800000| Untracked 
|  19|0x0000000084900000, 0x0000000084900000, 0x0000000084a00000|  0%| F|  |TAMS 0x0000000084900000, 0x0000000084900000| Untracked 
|  20|0x0000000084a00000, 0x0000000084a00000, 0x0000000084b00000|  0%| F|  |TAMS 0x0000000084a00000, 0x0000000084a00000| Untracked 
|  21|0x0000000084b00000, 0x0000000084b00000, 0x0000000084c00000|  0%| F|  |TAMS 0x0000000084b00000, 0x0000000084b00000| Untracked 
|  22|0x0000000084c00000, 0x0000000084c00000, 0x0000000084d00000|  0%| F|  |TAMS 0x0000000084c00000, 0x0000000084c00000| Untracked 
|  23|0x0000000084d00000, 0x0000000084d00000, 0x0000000084e00000|  0%| F|  |TAMS 0x0000000084d00000, 0x0000000084d00000| Untracked 
|  24|0x0000000084e00000, 0x0000000084e00000, 0x0000000084f00000|  0%| F|  |TAMS 0x0000000084e00000, 0x0000000084e00000| Untracked 
|  25|0x0000000084f00000, 0x0000000084f00000, 0x0000000085000000|  0%| F|  |TAMS 0x0000000084f00000, 0x0000000084f00000| Untracked 
|  26|0x0000000085000000, 0x0000000085000000, 0x0000000085100000|  0%| F|  |TAMS 0x0000000085000000, 0x0000000085000000| Untracked 
|  27|0x0000000085100000, 0x0000000085100000, 0x0000000085200000|  0%| F|  |TAMS 0x0000000085100000, 0x0000000085100000| Untracked 
|  28|0x0000000085200000, 0x0000000085200000, 0x0000000085300000|  0%| F|  |TAMS 0x0000000085200000, 0x0000000085200000| Untracked 
|  29|0x0000000085300000, 0x0000000085300000, 0x0000000085400000|  0%| F|  |TAMS 0x0000000085300000, 0x0000000085300000| Untracked 
|  30|0x0000000085400000, 0x0000000085400000, 0x0000000085500000|  0%| F|  |TAMS 0x0000000085400000, 0x0000000085400000| Untracked 
|  31|0x0000000085500000, 0x0000000085500000, 0x0000000085600000|  0%| F|  |TAMS 0x0000000085500000, 0x0000000085500000| Untracked 
|  32|0x0000000085600000, 0x0000000085600000, 0x0000000085700000|  0%| F|  |TAMS 0x0000000085600000, 0x0000000085600000| Untracked 
|  33|0x0000000085700000, 0x0000000085700000, 0x0000000085800000|  0%| F|  |TAMS 0x0000000085700000, 0x0000000085700000| Untracked 
|  34|0x0000000085800000, 0x0000000085800000, 0x0000000085900000|  0%| F|  |TAMS 0x0000000085800000, 0x0000000085800000| Untracked 
|  35|0x0000000085900000, 0x0000000085900000, 0x0000000085a00000|  0%| F|  |TAMS 0x0000000085900000, 0x0000000085900000| Untracked 
|  36|0x0000000085a00000, 0x0000000085a00000, 0x0000000085b00000|  0%| F|  |TAMS 0x0000000085a00000, 0x0000000085a00000| Untracked 
|  37|0x0000000085b00000, 0x0000000085b00000, 0x0000000085c00000|  0%| F|  |TAMS 0x0000000085b00000, 0x0000000085b00000| Untracked 
|  38|0x0000000085c00000, 0x0000000085c00000, 0x0000000085d00000|  0%| F|  |TAMS 0x0000000085c00000, 0x0000000085c00000| Untracked 
|  39|0x0000000085d00000, 0x0000000085d00000, 0x0000000085e00000|  0%| F|  |TAMS 0x0000000085d00000, 0x0000000085d00000| Untracked 
|  40|0x0000000085e00000, 0x0000000085e00000, 0x0000000085f00000|  0%| F|  |TAMS 0x0000000085e00000, 0x0000000085e00000| Untracked 
|  41|0x0000000085f00000, 0x0000000085f00000, 0x0000000086000000|  0%| F|  |TAMS 0x0000000085f00000, 0x0000000085f00000| Untracked 
|  42|0x0000000086000000, 0x0000000086000000, 0x0000000086100000|  0%| F|  |TAMS 0x0000000086000000, 0x0000000086000000| Untracked 
|  43|0x0000000086100000, 0x0000000086100000, 0x0000000086200000|  0%| F|  |TAMS 0x0000000086100000, 0x0000000086100000| Untracked 
|  44|0x0000000086200000, 0x0000000086200000, 0x0000000086300000|  0%| F|  |TAMS 0x0000000086200000, 0x0000000086200000| Untracked 
|  45|0x0000000086300000, 0x0000000086300000, 0x0000000086400000|  0%| F|  |TAMS 0x0000000086300000, 0x0000000086300000| Untracked 
|  46|0x0000000086400000, 0x0000000086400000, 0x0000000086500000|  0%| F|  |TAMS 0x0000000086400000, 0x0000000086400000| Untracked 
|  47|0x0000000086500000, 0x0000000086500000, 0x0000000086600000|  0%| F|  |TAMS 0x0000000086500000, 0x0000000086500000| Untracked 
|  48|0x0000000086600000, 0x0000000086600000, 0x0000000086700000|  0%| F|  |TAMS 0x0000000086600000, 0x0000000086600000| Untracked 
|  49|0x0000000086700000, 0x0000000086700000, 0x0000000086800000|  0%| F|  |TAMS 0x0000000086700000, 0x0000000086700000| Untracked 
|  50|0x0000000086800000, 0x0000000086800000, 0x0000000086900000|  0%| F|  |TAMS 0x0000000086800000, 0x0000000086800000| Untracked 
|  51|0x0000000086900000, 0x0000000086900000, 0x0000000086a00000|  0%| F|  |TAMS 0x0000000086900000, 0x0000000086900000| Untracked 
|  52|0x0000000086a00000, 0x0000000086a00000, 0x0000000086b00000|  0%| F|  |TAMS 0x0000000086a00000, 0x0000000086a00000| Untracked 
|  53|0x0000000086b00000, 0x0000000086b00000, 0x0000000086c00000|  0%| F|  |TAMS 0x0000000086b00000, 0x0000000086b00000| Untracked 
|  54|0x0000000086c00000, 0x0000000086c00000, 0x0000000086d00000|  0%| F|  |TAMS 0x0000000086c00000, 0x0000000086c00000| Untracked 
|  55|0x0000000086d00000, 0x0000000086d00000, 0x0000000086e00000|  0%| F|  |TAMS 0x0000000086d00000, 0x0000000086d00000| Untracked 
|  56|0x0000000086e00000, 0x0000000086e00000, 0x0000000086f00000|  0%| F|  |TAMS 0x0000000086e00000, 0x0000000086e00000| Untracked 
|  57|0x0000000086f00000, 0x0000000086f00000, 0x0000000087000000|  0%| F|  |TAMS 0x0000000086f00000, 0x0000000086f00000| Untracked 
|  58|0x0000000087000000, 0x0000000087000000, 0x0000000087100000|  0%| F|  |TAMS 0x0000000087000000, 0x0000000087000000| Untracked 
|  59|0x0000000087100000, 0x0000000087100000, 0x0000000087200000|  0%| F|  |TAMS 0x0000000087100000, 0x0000000087100000| Untracked 
|  60|0x0000000087200000, 0x0000000087200000, 0x0000000087300000|  0%| F|  |TAMS 0x0000000087200000, 0x0000000087200000| Untracked 
|  61|0x0000000087300000, 0x0000000087300000, 0x0000000087400000|  0%| F|  |TAMS 0x0000000087300000, 0x0000000087300000| Untracked 
|  62|0x0000000087400000, 0x0000000087400000, 0x0000000087500000|  0%| F|  |TAMS 0x0000000087400000, 0x0000000087400000| Untracked 
|  63|0x0000000087500000, 0x0000000087500000, 0x0000000087600000|  0%| F|  |TAMS 0x0000000087500000, 0x0000000087500000| Untracked 
|  64|0x0000000087600000, 0x0000000087600000, 0x0000000087700000|  0%| F|  |TAMS 0x0000000087600000, 0x0000000087600000| Untracked 
|  65|0x0000000087700000, 0x0000000087700000, 0x0000000087800000|  0%| F|  |TAMS 0x0000000087700000, 0x0000000087700000| Untracked 
|  66|0x0000000087800000, 0x0000000087800000, 0x0000000087900000|  0%| F|  |TAMS 0x0000000087800000, 0x0000000087800000| Untracked 
|  67|0x0000000087900000, 0x0000000087900000, 0x0000000087a00000|  0%| F|  |TAMS 0x0000000087900000, 0x0000000087900000| Untracked 
|  68|0x0000000087a00000, 0x0000000087a00000, 0x0000000087b00000|  0%| F|  |TAMS 0x0000000087a00000, 0x0000000087a00000| Untracked 
|  69|0x0000000087b00000, 0x0000000087b00000, 0x0000000087c00000|  0%| F|  |TAMS 0x0000000087b00000, 0x0000000087b00000| Untracked 
|  70|0x0000000087c00000, 0x0000000087c00000, 0x0000000087d00000|  0%| F|  |TAMS 0x0000000087c00000, 0x0000000087c00000| Untracked 
|  71|0x0000000087d00000, 0x0000000087d00000, 0x0000000087e00000|  0%| F|  |TAMS 0x0000000087d00000, 0x0000000087d00000| Untracked 
|  72|0x0000000087e00000, 0x0000000087e00000, 0x0000000087f00000|  0%| F|  |TAMS 0x0000000087e00000, 0x0000000087e00000| Untracked 
|  73|0x0000000087f00000, 0x0000000087f00000, 0x0000000088000000|  0%| F|  |TAMS 0x0000000087f00000, 0x0000000087f00000| Untracked 
|  74|0x0000000088000000, 0x0000000088000000, 0x0000000088100000|  0%| F|  |TAMS 0x0000000088000000, 0x0000000088000000| Untracked 
|  75|0x0000000088100000, 0x0000000088100000, 0x0000000088200000|  0%| F|  |TAMS 0x0000000088100000, 0x0000000088100000| Untracked 
|  76|0x0000000088200000, 0x0000000088200000, 0x0000000088300000|  0%| F|  |TAMS 0x0000000088200000, 0x0000000088200000| Untracked 
|  77|0x0000000088300000, 0x0000000088300000, 0x0000000088400000|  0%| F|  |TAMS 0x0000000088300000, 0x0000000088300000| Untracked 
|  78|0x0000000088400000, 0x0000000088400000, 0x0000000088500000|  0%| F|  |TAMS 0x0000000088400000, 0x0000000088400000| Untracked 
|  79|0x0000000088500000, 0x0000000088500000, 0x0000000088600000|  0%| F|  |TAMS 0x0000000088500000, 0x0000000088500000| Untracked 
|  80|0x0000000088600000, 0x0000000088600000, 0x0000000088700000|  0%| F|  |TAMS 0x0000000088600000, 0x0000000088600000| Untracked 
|  81|0x0000000088700000, 0x0000000088700000, 0x0000000088800000|  0%| F|  |TAMS 0x0000000088700000, 0x0000000088700000| Untracked 
|  82|0x0000000088800000, 0x0000000088800000, 0x0000000088900000|  0%| F|  |TAMS 0x0000000088800000, 0x0000000088800000| Untracked 
|  83|0x0000000088900000, 0x0000000088900000, 0x0000000088a00000|  0%| F|  |TAMS 0x0000000088900000, 0x0000000088900000| Untracked 
|  84|0x0000000088a00000, 0x0000000088a00000, 0x0000000088b00000|  0%| F|  |TAMS 0x0000000088a00000, 0x0000000088a00000| Untracked 
|  85|0x0000000088b00000, 0x0000000088b00000, 0x0000000088c00000|  0%| F|  |TAMS 0x0000000088b00000, 0x0000000088b00000| Untracked 
|  86|0x0000000088c00000, 0x0000000088c00000, 0x0000000088d00000|  0%| F|  |TAMS 0x0000000088c00000, 0x0000000088c00000| Untracked 
|  87|0x0000000088d00000, 0x0000000088d00000, 0x0000000088e00000|  0%| F|  |TAMS 0x0000000088d00000, 0x0000000088d00000| Untracked 
|  88|0x0000000088e00000, 0x0000000088e00000, 0x0000000088f00000|  0%| F|  |TAMS 0x0000000088e00000, 0x0000000088e00000| Untracked 
|  89|0x0000000088f00000, 0x0000000088f00000, 0x0000000089000000|  0%| F|  |TAMS 0x0000000088f00000, 0x0000000088f00000| Untracked 
|  90|0x0000000089000000, 0x0000000089000000, 0x0000000089100000|  0%| F|  |TAMS 0x0000000089000000, 0x0000000089000000| Untracked 
|  91|0x0000000089100000, 0x0000000089100000, 0x0000000089200000|  0%| F|  |TAMS 0x0000000089100000, 0x0000000089100000| Untracked 
|  92|0x0000000089200000, 0x0000000089200000, 0x0000000089300000|  0%| F|  |TAMS 0x0000000089200000, 0x0000000089200000| Untracked 
|  93|0x0000000089300000, 0x0000000089300000, 0x0000000089400000|  0%| F|  |TAMS 0x0000000089300000, 0x0000000089300000| Untracked 
|  94|0x0000000089400000, 0x0000000089400000, 0x0000000089500000|  0%| F|  |TAMS 0x0000000089400000, 0x0000000089400000| Untracked 
|  95|0x0000000089500000, 0x0000000089500000, 0x0000000089600000|  0%| F|  |TAMS 0x0000000089500000, 0x0000000089500000| Untracked 
|  96|0x0000000089600000, 0x0000000089600000, 0x0000000089700000|  0%| F|  |TAMS 0x0000000089600000, 0x0000000089600000| Untracked 
|  97|0x0000000089700000, 0x0000000089700000, 0x0000000089800000|  0%| F|  |TAMS 0x0000000089700000, 0x0000000089700000| Untracked 
|  98|0x0000000089800000, 0x0000000089800000, 0x0000000089900000|  0%| F|  |TAMS 0x0000000089800000, 0x0000000089800000| Untracked 
|  99|0x0000000089900000, 0x0000000089900000, 0x0000000089a00000|  0%| F|  |TAMS 0x0000000089900000, 0x0000000089900000| Untracked 
| 100|0x0000000089a00000, 0x0000000089a00000, 0x0000000089b00000|  0%| F|  |TAMS 0x0000000089a00000, 0x0000000089a00000| Untracked 
| 101|0x0000000089b00000, 0x0000000089b00000, 0x0000000089c00000|  0%| F|  |TAMS 0x0000000089b00000, 0x0000000089b00000| Untracked 
| 102|0x0000000089c00000, 0x0000000089c00000, 0x0000000089d00000|  0%| F|  |TAMS 0x0000000089c00000, 0x0000000089c00000| Untracked 
| 103|0x0000000089d00000, 0x0000000089d00000, 0x0000000089e00000|  0%| F|  |TAMS 0x0000000089d00000, 0x0000000089d00000| Untracked 
| 104|0x0000000089e00000, 0x0000000089e00000, 0x0000000089f00000|  0%| F|  |TAMS 0x0000000089e00000, 0x0000000089e00000| Untracked 
| 105|0x0000000089f00000, 0x0000000089f00000, 0x000000008a000000|  0%| F|  |TAMS 0x0000000089f00000, 0x0000000089f00000| Untracked 
| 106|0x000000008a000000, 0x000000008a000000, 0x000000008a100000|  0%| F|  |TAMS 0x000000008a000000, 0x000000008a000000| Untracked 
| 107|0x000000008a100000, 0x000000008a100000, 0x000000008a200000|  0%| F|  |TAMS 0x000000008a100000, 0x000000008a100000| Untracked 
| 108|0x000000008a200000, 0x000000008a200000, 0x000000008a300000|  0%| F|  |TAMS 0x000000008a200000, 0x000000008a200000| Untracked 
| 109|0x000000008a300000, 0x000000008a300000, 0x000000008a400000|  0%| F|  |TAMS 0x000000008a300000, 0x000000008a300000| Untracked 
| 110|0x000000008a400000, 0x000000008a400000, 0x000000008a500000|  0%| F|  |TAMS 0x000000008a400000, 0x000000008a400000| Untracked 
| 111|0x000000008a500000, 0x000000008a500000, 0x000000008a600000|  0%| F|  |TAMS 0x000000008a500000, 0x000000008a500000| Untracked 
| 112|0x000000008a600000, 0x000000008a600000, 0x000000008a700000|  0%| F|  |TAMS 0x000000008a600000, 0x000000008a600000| Untracked 
| 113|0x000000008a700000, 0x000000008a700000, 0x000000008a800000|  0%| F|  |TAMS 0x000000008a700000, 0x000000008a700000| Untracked 
| 114|0x000000008a800000, 0x000000008a800000, 0x000000008a900000|  0%| F|  |TAMS 0x000000008a800000, 0x000000008a800000| Untracked 
| 115|0x000000008a900000, 0x000000008a900000, 0x000000008aa00000|  0%| F|  |TAMS 0x000000008a900000, 0x000000008a900000| Untracked 
| 116|0x000000008aa00000, 0x000000008aa00000, 0x000000008ab00000|  0%| F|  |TAMS 0x000000008aa00000, 0x000000008aa00000| Untracked 
| 117|0x000000008ab00000, 0x000000008ab00000, 0x000000008ac00000|  0%| F|  |TAMS 0x000000008ab00000, 0x000000008ab00000| Untracked 
| 118|0x000000008ac00000, 0x000000008ac00000, 0x000000008ad00000|  0%| F|  |TAMS 0x000000008ac00000, 0x000000008ac00000| Untracked 
| 119|0x000000008ad00000, 0x000000008ad00000, 0x000000008ae00000|  0%| F|  |TAMS 0x000000008ad00000, 0x000000008ad00000| Untracked 
| 120|0x000000008ae00000, 0x000000008aef64a0, 0x000000008af00000| 96%| E|  |TAMS 0x000000008ae00000, 0x000000008ae00000| Complete 
| 121|0x000000008af00000, 0x000000008b000000, 0x000000008b000000|100%| E|CS|TAMS 0x000000008af00000, 0x000000008af00000| Complete 
| 122|0x000000008b000000, 0x000000008b100000, 0x000000008b100000|100%| E|CS|TAMS 0x000000008b000000, 0x000000008b000000| Complete 
| 123|0x000000008b100000, 0x000000008b200000, 0x000000008b200000|100%| E|  |TAMS 0x000000008b100000, 0x000000008b100000| Complete 
| 124|0x000000008b200000, 0x000000008b300000, 0x000000008b300000|100%| E|CS|TAMS 0x000000008b200000, 0x000000008b200000| Complete 
| 125|0x000000008b300000, 0x000000008b400000, 0x000000008b400000|100%| E|CS|TAMS 0x000000008b300000, 0x000000008b300000| Complete 

Card table byte_map: [0x000000001aa80000,0x000000001ae70000] _byte_map_base: 0x000000001a665000

Marking Bits (Prev, Next): (CMBitMap*) 0x00000000001ff8a8, (CMBitMap*) 0x00000000001ff8e8
 Prev Bits: [0x000000001b260000, 0x000000001d188000)
 Next Bits: [0x000000001d190000, 0x000000001f0b8000)

Polling page: 0x0000000000420000

Metaspace:

Usage:
  Non-class:      4.47 MB capacity,     2.71 MB ( 61%) used,     1.75 MB ( 39%) free+waste,     5.31 KB ( <1%) overhead. 
      Class:    466.00 KB capacity,   291.24 KB ( 62%) used,   171.82 KB ( 37%) free+waste,     2.94 KB ( <1%) overhead. 
       Both:      4.92 MB capacity,     2.99 MB ( 61%) used,     1.92 MB ( 39%) free+waste,     8.25 KB ( <1%) overhead. 

Virtual space:
  Non-class space:        8.00 MB reserved,       4.50 MB ( 56%) committed 
      Class space:        1.00 GB reserved,     512.00 KB ( <1%) committed 
             Both:        1.01 GB reserved,       5.00 MB ( <1%) committed 

Chunk freelists:
   Non-Class:  35.00 KB
       Class:  0 bytes
        Both:  35.00 KB

MaxMetaspaceSize: 17179869184.00 GB
CompressedClassSpaceSize: 1.00 GB

CodeHeap 'non-profiled nmethods': size=120000Kb used=135Kb max_used=135Kb free=119864Kb
 bounds [0x0000000012b00000, 0x0000000012d70000, 0x000000001a030000]
CodeHeap 'profiled nmethods': size=120000Kb used=697Kb max_used=697Kb free=119302Kb
 bounds [0x000000000b5d0000, 0x000000000b840000, 0x0000000012b00000]
CodeHeap 'non-nmethods': size=5760Kb used=1218Kb max_used=1224Kb free=4542Kb
 bounds [0x000000000b030000, 0x000000000b2a0000, 0x000000000b5d0000]
 total_blobs=1205 nmethods=462 adapters=290
 compilation: enabled
              stopped_count=0, restarted_count=0
 full_count=0

Compilation events (20 events):
Event: 196.239 Thread 0x000000002248b000  454       3       java.lang.Integer::getChars (131 bytes)
Event: 196.240 Thread 0x000000002248b000 nmethod 454 0x000000000b678e90 code [0x000000000b679060, 0x000000000b6794f8]
Event: 196.240 Thread 0x000000002248b000  455       3       java.nio.Buffer::limit (74 bytes)
Event: 196.242 Thread 0x000000002248b000 nmethod 455 0x000000000b679790 code [0x000000000b679960, 0x000000000b679cd0]
Event: 217.857 Thread 0x000000002248b000  456       3       org.eclipse.jdt.launching.internal.org.objectweb.asm.ByteVector::put11 (52 bytes)
Event: 217.857 Thread 0x000000002248b000 nmethod 456 0x000000000b679d90 code [0x000000000b679f40, 0x000000000b67a1d0]
Event: 217.857 Thread 0x000000002248b000  457       3       org.eclipse.jdt.launching.internal.org.objectweb.asm.MethodWriter::visitLineNumber (50 bytes)
Event: 217.857 Thread 0x000000002248b000 nmethod 457 0x000000000b67a390 code [0x000000000b67a580, 0x000000000b67aac0]
Event: 217.859 Thread 0x000000002248b000  458       3       org.eclipse.jdt.launching.internal.org.objectweb.asm.ClassReader::readInt (52 bytes)
Event: 217.860 Thread 0x000000002248b000 nmethod 458 0x000000000b67ac90 code [0x000000000b67ae40, 0x000000000b67b098]
Event: 224.360 Thread 0x000000002248b000  459       3       org.eclipse.jdt.launching.internal.org.objectweb.asm.ByteVector::put12 (64 bytes)
Event: 224.360 Thread 0x000000002248b000 nmethod 459 0x000000000b67b210 code [0x000000000b67b3c0, 0x000000000b67b670]
Event: 224.360 Thread 0x000000002248b000  460       3       org.eclipse.jdt.launching.internal.org.objectweb.asm.SymbolTable::addConstantUtf8Reference (101 bytes)
Event: 224.361 Thread 0x000000002248b000 nmethod 460 0x000000000b67b810 code [0x000000000b67ba40, 0x000000000b67c160]
Event: 224.361 Thread 0x000000002248b000  461       3       org.eclipse.jdt.launching.internal.org.objectweb.asm.SymbolTable::addConstantMemberReference (147 bytes)
Event: 224.363 Thread 0x000000002248b000 nmethod 461 0x000000000b67c510 code [0x000000000b67c7a0, 0x000000000b67d170]
Event: 224.363 Thread 0x000000002248b000  463       3       org.eclipse.jdt.launching.internal.org.objectweb.asm.ClassReader::createLabel (21 bytes)
Event: 224.364 Thread 0x000000002248b000 nmethod 463 0x000000000b67d790 code [0x000000000b67d960, 0x000000000b67ded8]
Event: 224.364 Thread 0x000000002248b000  462       3       org.eclipse.jdt.launching.internal.org.objectweb.asm.SymbolTable::hash (20 bytes)
Event: 224.364 Thread 0x000000002248b000 nmethod 462 0x000000000b67e110 code [0x000000000b67e2e0, 0x000000000b67e510]

GC Heap History (0 events):
No events

Deoptimization events (20 events):
Event: 0.250 Thread 0x00000000001c4000 DEOPT PACKING pc=0x000000000b641fa1 sp=0x0000000002408a60
Event: 0.250 Thread 0x00000000001c4000 DEOPT UNPACKING pc=0x000000000b07964e sp=0x0000000002407f28 mode 0
Event: 0.250 Thread 0x00000000001c4000 DEOPT PACKING pc=0x000000000b641fa1 sp=0x0000000002408a60
Event: 0.250 Thread 0x00000000001c4000 DEOPT UNPACKING pc=0x000000000b07964e sp=0x0000000002407f28 mode 0
Event: 0.252 Thread 0x00000000001c4000 DEOPT PACKING pc=0x000000000b641fa1 sp=0x000000000240bc60
Event: 0.252 Thread 0x00000000001c4000 DEOPT UNPACKING pc=0x000000000b07964e sp=0x000000000240b128 mode 0
Event: 0.252 Thread 0x00000000001c4000 DEOPT PACKING pc=0x000000000b641fa1 sp=0x000000000240bc60
Event: 0.252 Thread 0x00000000001c4000 DEOPT UNPACKING pc=0x000000000b07964e sp=0x000000000240b128 mode 0
Event: 0.256 Thread 0x00000000001c4000 DEOPT PACKING pc=0x000000000b641fa1 sp=0x000000000240bbf0
Event: 0.256 Thread 0x00000000001c4000 DEOPT UNPACKING pc=0x000000000b07964e sp=0x000000000240b0b8 mode 0
Event: 0.256 Thread 0x00000000001c4000 DEOPT PACKING pc=0x000000000b641fa1 sp=0x000000000240bbf0
Event: 0.256 Thread 0x00000000001c4000 DEOPT UNPACKING pc=0x000000000b07964e sp=0x000000000240b0b8 mode 0
Event: 0.307 Thread 0x00000000001c4000 Uncommon trap: trap_request=0xffffff45 fr.pc=0x0000000012b0fe8c relative=0x000000000000006c
Event: 0.307 Thread 0x00000000001c4000 Uncommon trap: reason=unstable_if action=reinterpret pc=0x0000000012b0fe8c method=java.lang.String.isLatin1()Z @ 10 c2
Event: 0.307 Thread 0x00000000001c4000 DEOPT PACKING pc=0x0000000012b0fe8c sp=0x000000000240f0d0
Event: 0.307 Thread 0x00000000001c4000 DEOPT UNPACKING pc=0x000000000b07912f sp=0x000000000240f070 mode 2
Event: 0.307 Thread 0x00000000001c4000 Uncommon trap: trap_request=0xffffff45 fr.pc=0x0000000012b17064 relative=0x0000000000000044
Event: 0.307 Thread 0x00000000001c4000 Uncommon trap: reason=unstable_if action=reinterpret pc=0x0000000012b17064 method=java.lang.CharacterData.of(I)Ljava/lang/CharacterData; @ 4 c2
Event: 0.307 Thread 0x00000000001c4000 DEOPT PACKING pc=0x0000000012b17064 sp=0x000000000240ec00
Event: 0.307 Thread 0x00000000001c4000 DEOPT UNPACKING pc=0x000000000b07912f sp=0x000000000240eba0 mode 2

Classes unloaded (0 events):
No events

Classes redefined (4 events):
Event: 60.017 Thread 0x0000000022465800 redefined class name=Exercise_11, count=1
Event: 64.748 Thread 0x0000000022465800 redefined class name=Exercise_11, count=2
Event: 217.858 Thread 0x0000000022465800 redefined class name=Exercise_11, count=3
Event: 224.362 Thread 0x0000000022465800 redefined class name=Exercise_11, count=4

Internal exceptions (1 events):
Event: 0.290 Thread 0x00000000001c4000 Exception <a 'java/lang/NoSuchMethodError'{0x000000008af72e18}: 'int java.lang.invoke.DirectMethodHandle$Holder.invokeSpecialIFC(java.lang.Object, java.lang.Object, int)'> (0x000000008af72e18) 
thrown [t:/workspace/open/src/hotspot/share/interpreter/linkResolver.cpp, line 767]

Events (20 events):
Event: 224.382 Executing VM operation: ChangeBreakpoints
Event: 224.382 Executing VM operation: ChangeBreakpoints done
Event: 224.384 Executing VM operation: ChangeBreakpoints
Event: 224.384 Executing VM operation: ChangeBreakpoints done
Event: 224.386 Executing VM operation: ChangeBreakpoints
Event: 224.386 Executing VM operation: ChangeBreakpoints done
Event: 224.388 Executing VM operation: ChangeBreakpoints
Event: 224.389 Executing VM operation: ChangeBreakpoints done
Event: 224.391 Executing VM operation: ChangeBreakpoints
Event: 224.391 Executing VM operation: ChangeBreakpoints done
Event: 224.392 Executing VM operation: GetFrameCount
Event: 224.392 Executing VM operation: GetFrameCount done
Event: 224.392 Executing VM operation: GetStackTrace
Event: 224.392 Executing VM operation: GetStackTrace done
Event: 224.400 Executing VM operation: GetFrameCount
Event: 224.400 Executing VM operation: GetFrameCount done
Event: 224.400 Executing VM operation: GetOwnedMonitorInfo
Event: 224.400 Executing VM operation: GetOwnedMonitorInfo done
Event: 224.400 Executing VM operation: GetCurrentContendedMonitor
Event: 224.400 Executing VM operation: GetCurrentContendedMonitor done


Dynamic libraries:
0x000000013f2a0000 - 0x000000013f2af000 	C:\Program Files\Java\jdk-13.0.2\bin\javaw.exe
0x00000000772c0000 - 0x0000000077469000 	C:\Windows\SYSTEM32\ntdll.dll
0x00000000770a0000 - 0x00000000771bf000 	C:\Windows\system32\kernel32.dll
0x000007fefd470000 - 0x000007fefd4db000 	C:\Windows\system32\KERNELBASE.dll
0x000007fefa7c0000 - 0x000007fefa7d8000 	C:\Program Files\Java\jdk-13.0.2\bin\jli.dll
0x000007fefdaf0000 - 0x000007fefdbcb000 	C:\Windows\system32\ADVAPI32.dll
0x000007fefe760000 - 0x000007fefe7ff000 	C:\Windows\system32\msvcrt.dll
0x000007fefe740000 - 0x000007fefe75f000 	C:\Windows\SYSTEM32\sechost.dll
0x000007fefd9b0000 - 0x000007fefdadd000 	C:\Windows\system32\RPCRT4.dll
0x000007fefb9a0000 - 0x000007fefbb94000 	C:\Windows\WinSxS\amd64_microsoft.windows.common-controls_6595b64144ccf1df_6.0.7601.17514_none_fa396087175ac9ac\COMCTL32.dll
0x000007fefe030000 - 0x000007fefe097000 	C:\Windows\system32\GDI32.dll
0x00000000771c0000 - 0x00000000772ba000 	C:\Windows\system32\USER32.dll
0x000007fefdae0000 - 0x000007fefdaee000 	C:\Windows\system32\LPK.dll
0x000007fefd800000 - 0x000007fefd8c9000 	C:\Windows\system32\USP10.dll
0x000007fefdbd0000 - 0x000007fefdc41000 	C:\Windows\system32\SHLWAPI.dll
0x000007fefd1d0000 - 0x000007fefd1dc000 	C:\Windows\system32\VERSION.dll
0x000007fefa810000 - 0x000007fefa825000 	C:\Program Files\Java\jdk-13.0.2\bin\VCRUNTIME140.dll
0x000007fefb800000 - 0x000007fefb804000 	C:\Program Files\Java\jdk-13.0.2\bin\api-ms-win-crt-runtime-l1-1-0.dll
0x000007fee0d50000 - 0x000007fee0e4c000 	C:\Program Files\Java\jdk-13.0.2\bin\ucrtbase.DLL
0x000007fef5330000 - 0x000007fef5333000 	C:\Program Files\Java\jdk-13.0.2\bin\api-ms-win-core-localization-l1-2-0.dll
0x000007fef5320000 - 0x000007fef5323000 	C:\Program Files\Java\jdk-13.0.2\bin\api-ms-win-core-processthreads-l1-1-1.dll
0x000007fef50e0000 - 0x000007fef50e3000 	C:\Program Files\Java\jdk-13.0.2\bin\api-ms-win-core-file-l1-2-0.dll
0x000007fef5200000 - 0x000007fef5203000 	C:\Program Files\Java\jdk-13.0.2\bin\api-ms-win-core-timezone-l1-1-0.dll
0x000007fef4e40000 - 0x000007fef4e43000 	C:\Program Files\Java\jdk-13.0.2\bin\api-ms-win-core-file-l2-1-0.dll
0x000007fef5070000 - 0x000007fef5073000 	C:\Program Files\Java\jdk-13.0.2\bin\api-ms-win-core-synch-l1-2-0.dll
0x000007fef1c90000 - 0x000007fef1c93000 	C:\Program Files\Java\jdk-13.0.2\bin\api-ms-win-crt-heap-l1-1-0.dll
0x000007fef21e0000 - 0x000007fef21e4000 	C:\Program Files\Java\jdk-13.0.2\bin\api-ms-win-crt-string-l1-1-0.dll
0x000007feeefb0000 - 0x000007feeefb4000 	C:\Program Files\Java\jdk-13.0.2\bin\api-ms-win-crt-stdio-l1-1-0.dll
0x000007feef180000 - 0x000007feef184000 	C:\Program Files\Java\jdk-13.0.2\bin\api-ms-win-crt-convert-l1-1-0.dll
0x000007feeef90000 - 0x000007feeef93000 	C:\Program Files\Java\jdk-13.0.2\bin\api-ms-win-crt-environment-l1-1-0.dll
0x000007feeefa0000 - 0x000007feeefa3000 	C:\Program Files\Java\jdk-13.0.2\bin\api-ms-win-crt-filesystem-l1-1-0.dll
0x000007feeef70000 - 0x000007feeef75000 	C:\Program Files\Java\jdk-13.0.2\bin\api-ms-win-crt-math-l1-1-0.dll
0x000007feeef80000 - 0x000007feeef83000 	C:\Program Files\Java\jdk-13.0.2\bin\api-ms-win-crt-locale-l1-1-0.dll
0x000007feff5a0000 - 0x000007feff5ce000 	C:\Windows\system32\IMM32.DLL
0x000007fefdc70000 - 0x000007fefdd79000 	C:\Windows\system32\MSCTF.dll
0x000007fefd1e0000 - 0x000007fefd210000 	C:\Windows\system32\nvinitx.dll
0x0000000074e20000 - 0x0000000074e26000 	C:\Program Files\NVIDIA Corporation\CoProcManager\detoured.dll
0x000007fefa710000 - 0x000007fefa748000 	C:\Program Files\NVIDIA Corporation\CoProcManager\nvd3d9wrapx.dll
0x000007fefe560000 - 0x000007fefe737000 	C:\Windows\system32\SETUPAPI.dll
0x000007fefd2c0000 - 0x000007fefd2f6000 	C:\Windows\system32\CFGMGR32.dll
0x000007fefd8d0000 - 0x000007fefd9a7000 	C:\Windows\system32\OLEAUT32.dll
0x000007fefe2b0000 - 0x000007fefe4b3000 	C:\Windows\system32\ole32.dll
0x000007fefd5c0000 - 0x000007fefd5da000 	C:\Windows\system32\DEVOBJ.dll
0x000007fefa6e0000 - 0x000007fefa704000 	C:\Program Files\NVIDIA Corporation\CoProcManager\nvdxgiwrapx.dll
0x000007feec770000 - 0x000007feec80b000 	C:\Program Files\Java\jdk-13.0.2\bin\msvcp140.dll
0x000007feeeec0000 - 0x000007feeeec3000 	C:\Program Files\Java\jdk-13.0.2\bin\api-ms-win-crt-time-l1-1-0.dll
0x000007feeef60000 - 0x000007feeef63000 	C:\Program Files\Java\jdk-13.0.2\bin\api-ms-win-crt-utility-l1-1-0.dll
0x000007fedf960000 - 0x000007fee04bd000 	C:\Program Files\Java\jdk-13.0.2\bin\server\jvm.dll
0x000007fef5390000 - 0x000007fef5399000 	C:\Windows\system32\WSOCK32.dll
0x000007fefdd80000 - 0x000007fefddcd000 	C:\Windows\system32\WS2_32.dll
0x000007fefe800000 - 0x000007fefe808000 	C:\Windows\system32\NSI.dll
0x000007fefac70000 - 0x000007fefacab000 	C:\Windows\system32\WINMM.dll
0x0000000077490000 - 0x0000000077497000 	C:\Windows\system32\PSAPI.DLL
0x000007fefb100000 - 0x000007fefb110000 	C:\Program Files\Java\jdk-13.0.2\bin\verify.dll
0x000007fef7cf0000 - 0x000007fef7e15000 	C:\Windows\system32\DBGHELP.DLL
0x000007fef21f0000 - 0x000007fef2216000 	C:\Program Files\Java\jdk-13.0.2\bin\java.dll
0x000007feec730000 - 0x000007feec768000 	C:\Program Files\Java\jdk-13.0.2\bin\jdwp.dll
0x000007feeeeb0000 - 0x000007feeeebe000 	C:\Program Files\Java\jdk-13.0.2\bin\instrument.dll
0x000007fef26a0000 - 0x000007fef26b7000 	C:\Program Files\Java\jdk-13.0.2\bin\zip.dll
0x000007fefb810000 - 0x000007fefb81a000 	C:\Program Files\Java\jdk-13.0.2\bin\jimage.dll
0x000007fefe810000 - 0x000007feff598000 	C:\Windows\system32\SHELL32.dll
0x000007fefd210000 - 0x000007fefd21f000 	C:\Windows\system32\profapi.dll
0x000007feee3a0000 - 0x000007feee3ab000 	C:\Program Files\Java\jdk-13.0.2\bin\dt_socket.dll
0x000007fefc9f0000 - 0x000007fefca45000 	C:\Windows\system32\mswsock.dll
0x000007fefc120000 - 0x000007fefc127000 	C:\Windows\System32\wshtcpip.dll
0x000007fefc9e0000 - 0x000007fefc9e7000 	C:\Windows\System32\wship6.dll
0x000007fefc870000 - 0x000007fefc8cb000 	C:\Windows\system32\DNSAPI.dll
0x000007fef9c10000 - 0x000007fef9c37000 	C:\Windows\system32\IPHLPAPI.DLL
0x000007fef9bf0000 - 0x000007fef9bfb000 	C:\Windows\system32\WINNSI.DLL
0x000007fef6c50000 - 0x000007fef6c58000 	C:\Windows\system32\rasadhlp.dll
0x000007fef9930000 - 0x000007fef9983000 	C:\Windows\System32\fwpuclnt.dll
0x000007fef27e0000 - 0x000007fef27f9000 	C:\Program Files\Java\jdk-13.0.2\bin\net.dll
0x000007fef7bc0000 - 0x000007fef7c31000 	C:\Windows\system32\WINHTTP.dll
0x000007fef7b50000 - 0x000007fef7bb4000 	C:\Windows\system32\webio.dll
0x000007feef1c0000 - 0x000007feef1d3000 	C:\Program Files\Java\jdk-13.0.2\bin\nio.dll

dbghelp: loaded successfully - version: 4.0.5 - missing functions: none
symbol engine: initialized successfully - sym options: 0x614 - pdb path: .;C:\Program Files\Java\jdk-13.0.2\bin;C:\Windows\SYSTEM32;C:\Windows\WinSxS\amd64_microsoft.windows.common-controls_6595b64144ccf1df_6.0.7601.17514_none_fa396087175ac9ac;C:\Program Files\NVIDIA Corporation\CoProcManager;C:\Program Files\Java\jdk-13.0.2\bin\server

VM Arguments:
jvm_args: -agentlib:jdwp=transport=dt_socket,suspend=y,address=localhost:52074 -javaagent:D:\Programi\eclipse\configuration\org.eclipse.osgi\411\0\.cp\lib\javaagent-shaded.jar -Dfile.encoding=Cp1252 
java_command: Exercise_11
java_class_path (initial): C:\Users\Cvqtko\git\Java-Fundamentals-2020\10_methods_exercise\bin
Launcher Type: SUN_STANDARD

[Global flags]
     intx CICompilerCount                          = 4                                         {product} {ergonomic}
     uint ConcGCThreads                            = 2                                         {product} {ergonomic}
     uint G1ConcRefinementThreads                  = 8                                         {product} {ergonomic}
   size_t G1HeapRegionSize                         = 1048576                                   {product} {ergonomic}
    uintx GCDrainStackTargetSize                   = 64                                        {product} {ergonomic}
   size_t InitialHeapSize                          = 132120576                                 {product} {ergonomic}
   size_t MarkStackSize                            = 4194304                                   {product} {ergonomic}
   size_t MaxHeapSize                              = 2090860544                                {product} {ergonomic}
   size_t MaxNewSize                               = 1254096896                                {product} {ergonomic}
   size_t MinHeapDeltaBytes                        = 1048576                                   {product} {ergonomic}
   size_t MinHeapSize                              = 8388608                                   {product} {ergonomic}
    uintx NonNMethodCodeHeapSize                   = 5839372                                {pd product} {ergonomic}
    uintx NonProfiledCodeHeapSize                  = 122909434                              {pd product} {ergonomic}
    uintx ProfiledCodeHeapSize                     = 122909434                              {pd product} {ergonomic}
    uintx ReservedCodeCacheSize                    = 251658240                              {pd product} {ergonomic}
     bool SegmentedCodeCache                       = true                                      {product} {ergonomic}
   size_t SoftMaxHeapSize                          = 2090860544                             {manageable} {ergonomic}
     bool UseCompressedClassPointers               = true                                 {lp64_product} {ergonomic}
     bool UseCompressedOops                        = true                                 {lp64_product} {ergonomic}
     bool UseG1GC                                  = true                                      {product} {ergonomic}
     bool UseLargePagesIndividualAllocation        = false                                  {pd product} {ergonomic}

Logging:
Log output configuration:
 #0: stdout all=warning uptime,level,tags
 #1: stderr all=off uptime,level,tags

Environment Variables:
PATH=C:/Program Files/Java/jdk-13.0.2/bin/server;C:/Program Files/Java/jdk-13.0.2/bin;C:\Program Files\Java\jdk-13.0.2\bin;C:\Program Files (x86)\Intel\OpenCL SDK\2.0\bin\x86;C:\Program Files (x86)\Intel\OpenCL SDK\2.0\bin\x64;C:\Program Files (x86)\NVIDIA Corporation\PhysX\Common;C:\Program Files\Java\jdk-13.0.2\bin;D:\Programi\eclipse;
USERNAME=Cvqtko
OS=Windows_NT
PROCESSOR_IDENTIFIER=Intel64 Family 6 Model 42 Stepping 7, GenuineIntel



---------------  S Y S T E M  ---------------

OS: Windows 7 , 64 bit Build 7601 (6.1.7601.17514)

CPU:total 8 (initial active 8) (4 cores per cpu, 2 threads per core) family 6 model 42 stepping 7, cmov, cx8, fxsr, mmx, sse, sse2, sse3, ssse3, sse4.1, sse4.2, popcnt, avx, clmul, ht, tsc, tscinvbit

Memory: 4k page, system-wide physical 7968M (4096M free)
TotalPageFile size 15934M (AvailPageFile size 10809M)
current process WorkingSet (physical memory assigned to process): 45M, peak: 46M
current process commit charge ("private bytes"): 222M, peak: 224M

vm_info: Java HotSpot(TM) 64-Bit Server VM (13.0.2+8) for windows-amd64 JRE (13.0.2+8), built on Dec 11 2019 09:20:33 by "mach5one" with unknown MS VC++:1916

END.
